  Comparing files .\..\config.h.msvc and .\..\..\CONFIG.H
  FC: no differences encountered
  
  ztrsv.c
  ztrsm.c
  ztrmv.c
  ztrmm.c
  ztpsv.c
  ztpmv.c
  ztbsv.c
  ztbmv.c
  zsyrk.c
  zsyr2k.c
  zsymm.c
  zswap.c
  zscal.c
  zhpr2.c
  zhpr.c
  zhpmv.c
  zherk.c
  zher2k.c
  zher2.c
  zher.c
  Generating Code...
  Compiling...
  zhemv.c
  zhemm.c
  zhbmv.c
  zgeru.c
  zgerc.c
  zgemv.c
  zgemm.c
  zgbmv.c
  zdscal.c
  zdotu_sub.c
  zdotc_sub.c
  zcopy.c
  zaxpy.c
  xerbla.c
  strsv.c
  strsm.c
  strmv.c
  strmm.c
  stpsv.c
  stpmv.c
  Generating Code...
  Compiling...
  stbsv.c
  stbmv.c
h:\video.lectures.quant.hub\varadhan.stroock.largedeviations\generating.functions\ld-spatt-master\gsl-2.1-src\cblas\source_tbmv_r.h(37): warning C4244: 'initializing': conversion from 'double' to 'float', possible loss of data
h:\video.lectures.quant.hub\varadhan.stroock.largedeviations\generating.functions\ld-spatt-master\gsl-2.1-src\cblas\source_tbmv_r.h(55): warning C4244: 'initializing': conversion from 'double' to 'float', possible loss of data
  ssyrk.c
  ssyr2k.c
  ssyr2.c
  ssyr.c
  ssymv.c
  ssymm.c
  sswap.c
  sspr2.c
h:\video.lectures.quant.hub\varadhan.stroock.largedeviations\generating.functions\ld-spatt-master\gsl-2.1-src\cblas\source_spr2.h(41): warning C4244: '+=': conversion from 'const double' to 'float', possible loss of data
h:\video.lectures.quant.hub\varadhan.stroock.largedeviations\generating.functions\ld-spatt-master\gsl-2.1-src\cblas\source_spr2.h(58): warning C4244: '+=': conversion from 'const double' to 'float', possible loss of data
  sspr.c
  sspmv.c
  sscal.c
  ssbmv.c
  srotmg.c
h:\video.lectures.quant.hub\varadhan.stroock.largedeviations\generating.functions\ld-spatt-master\gsl-2.1-src\cblas\source_rotmg.h(46): warning C4244: '=': conversion from 'double' to 'float', possible loss of data
h:\video.lectures.quant.hub\varadhan.stroock.largedeviations\generating.functions\ld-spatt-master\gsl-2.1-src\cblas\source_rotmg.h(47): warning C4244: '=': conversion from 'double' to 'float', possible loss of data
  srotm.c
  srotg.c
h:\video.lectures.quant.hub\varadhan.stroock.largedeviations\generating.functions\ld-spatt-master\gsl-2.1-src\cblas\source_rotg.h(28): warning C4244: '=': conversion from 'double' to 'float', possible loss of data
h:\video.lectures.quant.hub\varadhan.stroock.largedeviations\generating.functions\ld-spatt-master\gsl-2.1-src\cblas\source_rotg.h(36): warning C4244: '=': conversion from 'double' to 'float', possible loss of data
h:\video.lectures.quant.hub\varadhan.stroock.largedeviations\generating.functions\ld-spatt-master\gsl-2.1-src\cblas\source_rotg.h(22): warning C4244: 'initializing': conversion from 'double' to 'const float', possible loss of data
  srot.c
  snrm2.c
h:\video.lectures.quant.hub\varadhan.stroock.largedeviations\generating.functions\ld-spatt-master\gsl-2.1-src\cblas\source_nrm2_r.h(29): warning C4244: 'return': conversion from 'double' to 'float', possible loss of data
h:\video.lectures.quant.hub\varadhan.stroock.largedeviations\generating.functions\ld-spatt-master\gsl-2.1-src\cblas\source_nrm2_r.h(39): warning C4244: '=': conversion from 'double' to 'float', possible loss of data
h:\video.lectures.quant.hub\varadhan.stroock.largedeviations\generating.functions\ld-spatt-master\gsl-2.1-src\cblas\source_nrm2_r.h(49): warning C4244: 'return': conversion from 'double' to 'float', possible loss of data
h:\video.lectures.quant.hub\varadhan.stroock.largedeviations\generating.functions\ld-spatt-master\gsl-2.1-src\cblas\source_nrm2_r.h(36): warning C4244: 'initializing': conversion from 'double' to 'const float', possible loss of data
  sger.c
  Generating Code...
  Compiling...
  sgemv.c
  sgemm.c
  sgbmv.c
  sdsdot.c
h:\video.lectures.quant.hub\varadhan.stroock.largedeviations\generating.functions\ld-spatt-master\gsl-2.1-src\cblas\source_dot_r.h(32): warning C4244: 'return': conversion from 'double' to 'float', possible loss of data
  sdot.c
  scopy.c
  scnrm2.c
h:\video.lectures.quant.hub\varadhan.stroock.largedeviations\generating.functions\ld-spatt-master\gsl-2.1-src\cblas\source_nrm2_c.h(38): warning C4244: '=': conversion from 'double' to 'float', possible loss of data
h:\video.lectures.quant.hub\varadhan.stroock.largedeviations\generating.functions\ld-spatt-master\gsl-2.1-src\cblas\source_nrm2_c.h(49): warning C4244: '=': conversion from 'double' to 'float', possible loss of data
h:\video.lectures.quant.hub\varadhan.stroock.largedeviations\generating.functions\ld-spatt-master\gsl-2.1-src\cblas\source_nrm2_c.h(59): warning C4244: 'return': conversion from 'double' to 'float', possible loss of data
h:\video.lectures.quant.hub\varadhan.stroock.largedeviations\generating.functions\ld-spatt-master\gsl-2.1-src\cblas\source_nrm2_c.h(35): warning C4244: 'initializing': conversion from 'double' to 'const float', possible loss of data
h:\video.lectures.quant.hub\varadhan.stroock.largedeviations\generating.functions\ld-spatt-master\gsl-2.1-src\cblas\source_nrm2_c.h(46): warning C4244: 'initializing': conversion from 'double' to 'const float', possible loss of data
  scasum.c
h:\video.lectures.quant.hub\varadhan.stroock.largedeviations\generating.functions\ld-spatt-master\gsl-2.1-src\cblas\source_asum_c.h(30): warning C4244: '+=': conversion from 'double' to 'float', possible loss of data
  saxpy.c
  sasum.c
h:\video.lectures.quant.hub\varadhan.stroock.largedeviations\generating.functions\ld-spatt-master\gsl-2.1-src\cblas\source_asum_r.h(30): warning C4244: '+=': conversion from 'double' to 'float', possible loss of data
  izamax.c
  isamax.c
h:\video.lectures.quant.hub\varadhan.stroock.largedeviations\generating.functions\ld-spatt-master\gsl-2.1-src\cblas\source_iamax_r.h(32): warning C4244: '=': conversion from 'double' to 'float', possible loss of data
  idamax.c
  icamax.c
h:\video.lectures.quant.hub\varadhan.stroock.largedeviations\generating.functions\ld-spatt-master\gsl-2.1-src\cblas\source_iamax_c.h(31): warning C4244: 'initializing': conversion from 'double' to 'const float', possible loss of data
  dznrm2.c
  dzasum.c
  dtrsv.c
  dtrsm.c
  dtrmv.c
  dtrmm.c
  Generating Code...
  Compiling...
  dtpsv.c
  dtpmv.c
  dtbsv.c
  dtbmv.c
  dsyrk.c
  dsyr2k.c
  dsyr2.c
  dsyr.c
  dsymv.c
  dsymm.c
  dswap.c
  dspr2.c
  dspr.c
  dspmv.c
  dsdot.c
  dscal.c
  dsbmv.c
  drotmg.c
  drotm.c
  drotg.c
  Generating Code...
  Compiling...
  drot.c
  dnrm2.c
  dger.c
  dgemv.c
  dgemm.c
  dgbmv.c
  ddot.c
  dcopy.c
  daxpy.c
  dasum.c
  ctrsv.c
h:\video.lectures.quant.hub\varadhan.stroock.largedeviations\generating.functions\ld-spatt-master\gsl-2.1-src\cblas\source_trsv_c.h(44): warning C4244: 'initializing': conversion from 'double' to 'const float', possible loss of data
h:\video.lectures.quant.hub\varadhan.stroock.largedeviations\generating.functions\ld-spatt-master\gsl-2.1-src\cblas\source_trsv_c.h(70): warning C4244: 'initializing': conversion from 'double' to 'const float', possible loss of data
h:\video.lectures.quant.hub\varadhan.stroock.largedeviations\generating.functions\ld-spatt-master\gsl-2.1-src\cblas\source_trsv_c.h(93): warning C4244: 'initializing': conversion from 'double' to 'const float', possible loss of data
h:\video.lectures.quant.hub\varadhan.stroock.largedeviations\generating.functions\ld-spatt-master\gsl-2.1-src\cblas\source_trsv_c.h(118): warning C4244: 'initializing': conversion from 'double' to 'const float', possible loss of data
h:\video.lectures.quant.hub\varadhan.stroock.largedeviations\generating.functions\ld-spatt-master\gsl-2.1-src\cblas\source_trsv_c.h(142): warning C4244: 'initializing': conversion from 'double' to 'const float', possible loss of data
h:\video.lectures.quant.hub\varadhan.stroock.largedeviations\generating.functions\ld-spatt-master\gsl-2.1-src\cblas\source_trsv_c.h(167): warning C4244: 'initializing': conversion from 'double' to 'const float', possible loss of data
h:\video.lectures.quant.hub\varadhan.stroock.largedeviations\generating.functions\ld-spatt-master\gsl-2.1-src\cblas\source_trsv_c.h(190): warning C4244: 'initializing': conversion from 'double' to 'const float', possible loss of data
h:\video.lectures.quant.hub\varadhan.stroock.largedeviations\generating.functions\ld-spatt-master\gsl-2.1-src\cblas\source_trsv_c.h(216): warning C4244: 'initializing': conversion from 'double' to 'const float', possible loss of data
  ctrsm.c
h:\video.lectures.quant.hub\varadhan.stroock.largedeviations\generating.functions\ld-spatt-master\gsl-2.1-src\cblas\source_trsm_c.h(68): warning C4244: 'initializing': conversion from 'double' to 'const float', possible loss of data
h:\video.lectures.quant.hub\varadhan.stroock.largedeviations\generating.functions\ld-spatt-master\gsl-2.1-src\cblas\source_trsm_c.h(112): warning C4244: 'initializing': conversion from 'double' to 'const float', possible loss of data
h:\video.lectures.quant.hub\varadhan.stroock.largedeviations\generating.functions\ld-spatt-master\gsl-2.1-src\cblas\source_trsm_c.h(156): warning C4244: 'initializing': conversion from 'double' to 'const float', possible loss of data
h:\video.lectures.quant.hub\varadhan.stroock.largedeviations\generating.functions\ld-spatt-master\gsl-2.1-src\cblas\source_trsm_c.h(200): warning C4244: 'initializing': conversion from 'double' to 'const float', possible loss of data
h:\video.lectures.quant.hub\varadhan.stroock.largedeviations\generating.functions\ld-spatt-master\gsl-2.1-src\cblas\source_trsm_c.h(244): warning C4244: 'initializing': conversion from 'double' to 'const float', possible loss of data
h:\video.lectures.quant.hub\varadhan.stroock.largedeviations\generating.functions\ld-spatt-master\gsl-2.1-src\cblas\source_trsm_c.h(287): warning C4244: 'initializing': conversion from 'double' to 'const float', possible loss of data
h:\video.lectures.quant.hub\varadhan.stroock.largedeviations\generating.functions\ld-spatt-master\gsl-2.1-src\cblas\source_trsm_c.h(331): warning C4244: 'initializing': conversion from 'double' to 'const float', possible loss of data
h:\video.lectures.quant.hub\varadhan.stroock.largedeviations\generating.functions\ld-spatt-master\gsl-2.1-src\cblas\source_trsm_c.h(374): warning C4244: 'initializing': conversion from 'double' to 'const float', possible loss of data
  ctrmv.c
  ctrmm.c
  ctpsv.c
h:\video.lectures.quant.hub\varadhan.stroock.largedeviations\generating.functions\ld-spatt-master\gsl-2.1-src\cblas\source_tpsv_c.h(43): warning C4244: 'initializing': conversion from 'double' to 'const float', possible loss of data
h:\video.lectures.quant.hub\varadhan.stroock.largedeviations\generating.functions\ld-spatt-master\gsl-2.1-src\cblas\source_tpsv_c.h(69): warning C4244: 'initializing': conversion from 'double' to 'const float', possible loss of data
h:\video.lectures.quant.hub\varadhan.stroock.largedeviations\generating.functions\ld-spatt-master\gsl-2.1-src\cblas\source_tpsv_c.h(92): warning C4244: 'initializing': conversion from 'double' to 'const float', possible loss of data
h:\video.lectures.quant.hub\varadhan.stroock.largedeviations\generating.functions\ld-spatt-master\gsl-2.1-src\cblas\source_tpsv_c.h(117): warning C4244: 'initializing': conversion from 'double' to 'const float', possible loss of data
h:\video.lectures.quant.hub\varadhan.stroock.largedeviations\generating.functions\ld-spatt-master\gsl-2.1-src\cblas\source_tpsv_c.h(141): warning C4244: 'initializing': conversion from 'double' to 'const float', possible loss of data
h:\video.lectures.quant.hub\varadhan.stroock.largedeviations\generating.functions\ld-spatt-master\gsl-2.1-src\cblas\source_tpsv_c.h(166): warning C4244: 'initializing': conversion from 'double' to 'const float', possible loss of data
h:\video.lectures.quant.hub\varadhan.stroock.largedeviations\generating.functions\ld-spatt-master\gsl-2.1-src\cblas\source_tpsv_c.h(189): warning C4244: 'initializing': conversion from 'double' to 'const float', possible loss of data
h:\video.lectures.quant.hub\varadhan.stroock.largedeviations\generating.functions\ld-spatt-master\gsl-2.1-src\cblas\source_tpsv_c.h(215): warning C4244: 'initializing': conversion from 'double' to 'const float', possible loss of data
  ctpmv.c
  ctbsv.c
h:\video.lectures.quant.hub\varadhan.stroock.largedeviations\generating.functions\ld-spatt-master\gsl-2.1-src\cblas\source_tbsv_c.h(57): warning C4244: 'initializing': conversion from 'double' to 'const float', possible loss of data
h:\video.lectures.quant.hub\varadhan.stroock.largedeviations\generating.functions\ld-spatt-master\gsl-2.1-src\cblas\source_tbsv_c.h(93): warning C4244: 'initializing': conversion from 'double' to 'const float', possible loss of data
h:\video.lectures.quant.hub\varadhan.stroock.largedeviations\generating.functions\ld-spatt-master\gsl-2.1-src\cblas\source_tbsv_c.h(130): warning C4244: 'initializing': conversion from 'double' to 'const float', possible loss of data
h:\video.lectures.quant.hub\varadhan.stroock.largedeviations\generating.functions\ld-spatt-master\gsl-2.1-src\cblas\source_tbsv_c.h(167): warning C4244: 'initializing': conversion from 'double' to 'const float', possible loss of data
  ctbmv.c
  csyrk.c
  csyr2k.c
  Generating Code...
  Compiling...
  csymm.c
  cswap.c
  csscal.c
  cscal.c
  chpr2.c
  chpr.c
  chpmv.c
  cherk.c
  cher2k.c
  cher2.c
  cher.c
  chemv.c
  chemm.c
  chbmv.c
  cgeru.c
  cgerc.c
  cgemv.c
  cgemm.c
  cgbmv.c
  cdotu_sub.c
h:\video.lectures.quant.hub\varadhan.stroock.largedeviations\generating.functions\ld-spatt-master\gsl-2.1-src\cblas\source_dot_c.h(31): warning C4244: '+=': conversion from 'double' to 'float', possible loss of data
h:\video.lectures.quant.hub\varadhan.stroock.largedeviations\generating.functions\ld-spatt-master\gsl-2.1-src\cblas\source_dot_c.h(32): warning C4244: '+=': conversion from 'double' to 'float', possible loss of data
  Generating Code...
  Compiling...
  cdotc_sub.c
h:\video.lectures.quant.hub\varadhan.stroock.largedeviations\generating.functions\ld-spatt-master\gsl-2.1-src\cblas\source_dot_c.h(31): warning C4244: '+=': conversion from 'double' to 'float', possible loss of data
h:\video.lectures.quant.hub\varadhan.stroock.largedeviations\generating.functions\ld-spatt-master\gsl-2.1-src\cblas\source_dot_c.h(32): warning C4244: '+=': conversion from 'double' to 'float', possible loss of data
  ccopy.c
  caxpy.c
  Generating Code...
  libgslcblas.vcxproj -> H:\Video.Lectures.Quant.Hub\Varadhan.Stroock.LargeDeviations\generating.functions\LD-SPATT-master\gsl-2.1-src\VC14\libgslcblas\Debug-DLL\libgslcblas.lib
