C:\Program Files (x86)\MSBuild\Microsoft.Cpp\v4.0\V140\Microsoft.CppCommon.targets(171,5): warning MSB8017: A circular dependency has been detected while executing custom build commands for item "..\..\gsl\gsl_blas.h". This may cause incremental build to work incorrectly.
C:\Program Files (x86)\MSBuild\Microsoft.Cpp\v4.0\V140\Microsoft.CppCommon.targets(171,5): warning MSB8017: A circular dependency has been detected while executing custom build commands for item "..\..\gsl\gsl_blas_types.h". This may cause incremental build to work incorrectly.
C:\Program Files (x86)\MSBuild\Microsoft.Cpp\v4.0\V140\Microsoft.CppCommon.targets(171,5): warning MSB8017: A circular dependency has been detected while executing custom build commands for item "..\..\gsl\gsl_block.h". This may cause incremental build to work incorrectly.
C:\Program Files (x86)\MSBuild\Microsoft.Cpp\v4.0\V140\Microsoft.CppCommon.targets(171,5): warning MSB8017: A circular dependency has been detected while executing custom build commands for item "..\..\gsl\gsl_block_char.h". This may cause incremental build to work incorrectly.
C:\Program Files (x86)\MSBuild\Microsoft.Cpp\v4.0\V140\Microsoft.CppCommon.targets(171,5): warning MSB8017: A circular dependency has been detected while executing custom build commands for item "..\..\gsl\gsl_block_complex_double.h". This may cause incremental build to work incorrectly.
C:\Program Files (x86)\MSBuild\Microsoft.Cpp\v4.0\V140\Microsoft.CppCommon.targets(171,5): warning MSB8017: A circular dependency has been detected while executing custom build commands for item "..\..\gsl\gsl_block_complex_float.h". This may cause incremental build to work incorrectly.
C:\Program Files (x86)\MSBuild\Microsoft.Cpp\v4.0\V140\Microsoft.CppCommon.targets(171,5): warning MSB8017: A circular dependency has been detected while executing custom build commands for item "..\..\gsl\gsl_block_complex_long_double.h". This may cause incremental build to work incorrectly.
C:\Program Files (x86)\MSBuild\Microsoft.Cpp\v4.0\V140\Microsoft.CppCommon.targets(171,5): warning MSB8017: A circular dependency has been detected while executing custom build commands for item "..\..\gsl\gsl_block_double.h". This may cause incremental build to work incorrectly.
C:\Program Files (x86)\MSBuild\Microsoft.Cpp\v4.0\V140\Microsoft.CppCommon.targets(171,5): warning MSB8017: A circular dependency has been detected while executing custom build commands for item "..\..\gsl\gsl_block_float.h". This may cause incremental build to work incorrectly.
C:\Program Files (x86)\MSBuild\Microsoft.Cpp\v4.0\V140\Microsoft.CppCommon.targets(171,5): warning MSB8017: A circular dependency has been detected while executing custom build commands for item "..\..\gsl\gsl_block_int.h". This may cause incremental build to work incorrectly.
C:\Program Files (x86)\MSBuild\Microsoft.Cpp\v4.0\V140\Microsoft.CppCommon.targets(171,5): warning MSB8017: A circular dependency has been detected while executing custom build commands for item "..\..\gsl\gsl_block_long.h". This may cause incremental build to work incorrectly.
C:\Program Files (x86)\MSBuild\Microsoft.Cpp\v4.0\V140\Microsoft.CppCommon.targets(171,5): warning MSB8017: A circular dependency has been detected while executing custom build commands for item "..\..\gsl\gsl_block_long_double.h". This may cause incremental build to work incorrectly.
C:\Program Files (x86)\MSBuild\Microsoft.Cpp\v4.0\V140\Microsoft.CppCommon.targets(171,5): warning MSB8017: A circular dependency has been detected while executing custom build commands for item "..\..\gsl\gsl_block_short.h". This may cause incremental build to work incorrectly.
C:\Program Files (x86)\MSBuild\Microsoft.Cpp\v4.0\V140\Microsoft.CppCommon.targets(171,5): warning MSB8017: A circular dependency has been detected while executing custom build commands for item "..\..\gsl\gsl_block_uchar.h". This may cause incremental build to work incorrectly.
C:\Program Files (x86)\MSBuild\Microsoft.Cpp\v4.0\V140\Microsoft.CppCommon.targets(171,5): warning MSB8017: A circular dependency has been detected while executing custom build commands for item "..\..\gsl\gsl_block_uint.h". This may cause incremental build to work incorrectly.
C:\Program Files (x86)\MSBuild\Microsoft.Cpp\v4.0\V140\Microsoft.CppCommon.targets(171,5): warning MSB8017: A circular dependency has been detected while executing custom build commands for item "..\..\gsl\gsl_block_ulong.h". This may cause incremental build to work incorrectly.
C:\Program Files (x86)\MSBuild\Microsoft.Cpp\v4.0\V140\Microsoft.CppCommon.targets(171,5): warning MSB8017: A circular dependency has been detected while executing custom build commands for item "..\..\gsl\gsl_block_ushort.h". This may cause incremental build to work incorrectly.
C:\Program Files (x86)\MSBuild\Microsoft.Cpp\v4.0\V140\Microsoft.CppCommon.targets(171,5): warning MSB8017: A circular dependency has been detected while executing custom build commands for item "..\..\gsl\gsl_cblas.h". This may cause incremental build to work incorrectly.
C:\Program Files (x86)\MSBuild\Microsoft.Cpp\v4.0\V140\Microsoft.CppCommon.targets(171,5): warning MSB8017: A circular dependency has been detected while executing custom build commands for item "..\..\gsl\gsl_cdf.h". This may cause incremental build to work incorrectly.
C:\Program Files (x86)\MSBuild\Microsoft.Cpp\v4.0\V140\Microsoft.CppCommon.targets(171,5): warning MSB8017: A circular dependency has been detected while executing custom build commands for item "..\..\gsl\gsl_chebyshev.h". This may cause incremental build to work incorrectly.
C:\Program Files (x86)\MSBuild\Microsoft.Cpp\v4.0\V140\Microsoft.CppCommon.targets(171,5): warning MSB8017: A circular dependency has been detected while executing custom build commands for item "..\..\gsl\gsl_check_range.h". This may cause incremental build to work incorrectly.
C:\Program Files (x86)\MSBuild\Microsoft.Cpp\v4.0\V140\Microsoft.CppCommon.targets(171,5): warning MSB8017: A circular dependency has been detected while executing custom build commands for item "..\..\gsl\gsl_combination.h". This may cause incremental build to work incorrectly.
C:\Program Files (x86)\MSBuild\Microsoft.Cpp\v4.0\V140\Microsoft.CppCommon.targets(171,5): warning MSB8017: A circular dependency has been detected while executing custom build commands for item "..\..\gsl\gsl_complex.h". This may cause incremental build to work incorrectly.
C:\Program Files (x86)\MSBuild\Microsoft.Cpp\v4.0\V140\Microsoft.CppCommon.targets(171,5): warning MSB8017: A circular dependency has been detected while executing custom build commands for item "..\..\gsl\gsl_complex_math.h". This may cause incremental build to work incorrectly.
C:\Program Files (x86)\MSBuild\Microsoft.Cpp\v4.0\V140\Microsoft.CppCommon.targets(171,5): warning MSB8017: A circular dependency has been detected while executing custom build commands for item "..\..\gsl\gsl_const.h". This may cause incremental build to work incorrectly.
C:\Program Files (x86)\MSBuild\Microsoft.Cpp\v4.0\V140\Microsoft.CppCommon.targets(171,5): warning MSB8017: A circular dependency has been detected while executing custom build commands for item "..\..\gsl\gsl_const_cgs.h". This may cause incremental build to work incorrectly.
C:\Program Files (x86)\MSBuild\Microsoft.Cpp\v4.0\V140\Microsoft.CppCommon.targets(171,5): warning MSB8017: A circular dependency has been detected while executing custom build commands for item "..\..\gsl\gsl_const_cgsm.h". This may cause incremental build to work incorrectly.
C:\Program Files (x86)\MSBuild\Microsoft.Cpp\v4.0\V140\Microsoft.CppCommon.targets(171,5): warning MSB8017: A circular dependency has been detected while executing custom build commands for item "..\..\gsl\gsl_const_mks.h". This may cause incremental build to work incorrectly.
C:\Program Files (x86)\MSBuild\Microsoft.Cpp\v4.0\V140\Microsoft.CppCommon.targets(171,5): warning MSB8017: A circular dependency has been detected while executing custom build commands for item "..\..\gsl\gsl_const_mksa.h". This may cause incremental build to work incorrectly.
C:\Program Files (x86)\MSBuild\Microsoft.Cpp\v4.0\V140\Microsoft.CppCommon.targets(171,5): warning MSB8017: A circular dependency has been detected while executing custom build commands for item "..\..\gsl\gsl_const_num.h". This may cause incremental build to work incorrectly.
C:\Program Files (x86)\MSBuild\Microsoft.Cpp\v4.0\V140\Microsoft.CppCommon.targets(171,5): warning MSB8017: A circular dependency has been detected while executing custom build commands for item "..\..\gsl\gsl_deriv.h". This may cause incremental build to work incorrectly.
C:\Program Files (x86)\MSBuild\Microsoft.Cpp\v4.0\V140\Microsoft.CppCommon.targets(171,5): warning MSB8017: A circular dependency has been detected while executing custom build commands for item "..\..\gsl\gsl_dft_complex.h". This may cause incremental build to work incorrectly.
C:\Program Files (x86)\MSBuild\Microsoft.Cpp\v4.0\V140\Microsoft.CppCommon.targets(171,5): warning MSB8017: A circular dependency has been detected while executing custom build commands for item "..\..\gsl\gsl_dft_complex_float.h". This may cause incremental build to work incorrectly.
C:\Program Files (x86)\MSBuild\Microsoft.Cpp\v4.0\V140\Microsoft.CppCommon.targets(171,5): warning MSB8017: A circular dependency has been detected while executing custom build commands for item "..\..\gsl\gsl_dht.h". This may cause incremental build to work incorrectly.
C:\Program Files (x86)\MSBuild\Microsoft.Cpp\v4.0\V140\Microsoft.CppCommon.targets(171,5): warning MSB8017: A circular dependency has been detected while executing custom build commands for item "..\..\gsl\gsl_diff.h". This may cause incremental build to work incorrectly.
C:\Program Files (x86)\MSBuild\Microsoft.Cpp\v4.0\V140\Microsoft.CppCommon.targets(171,5): warning MSB8017: A circular dependency has been detected while executing custom build commands for item "..\..\gsl\gsl_eigen.h". This may cause incremental build to work incorrectly.
C:\Program Files (x86)\MSBuild\Microsoft.Cpp\v4.0\V140\Microsoft.CppCommon.targets(171,5): warning MSB8017: A circular dependency has been detected while executing custom build commands for item "..\..\gsl\gsl_errno.h". This may cause incremental build to work incorrectly.
C:\Program Files (x86)\MSBuild\Microsoft.Cpp\v4.0\V140\Microsoft.CppCommon.targets(171,5): warning MSB8017: A circular dependency has been detected while executing custom build commands for item "..\..\gsl\gsl_fft.h". This may cause incremental build to work incorrectly.
C:\Program Files (x86)\MSBuild\Microsoft.Cpp\v4.0\V140\Microsoft.CppCommon.targets(171,5): warning MSB8017: A circular dependency has been detected while executing custom build commands for item "..\..\gsl\gsl_fft_complex.h". This may cause incremental build to work incorrectly.
C:\Program Files (x86)\MSBuild\Microsoft.Cpp\v4.0\V140\Microsoft.CppCommon.targets(171,5): warning MSB8017: A circular dependency has been detected while executing custom build commands for item "..\..\gsl\gsl_fft_complex_float.h". This may cause incremental build to work incorrectly.
C:\Program Files (x86)\MSBuild\Microsoft.Cpp\v4.0\V140\Microsoft.CppCommon.targets(171,5): warning MSB8017: A circular dependency has been detected while executing custom build commands for item "..\..\gsl\gsl_fft_halfcomplex.h". This may cause incremental build to work incorrectly.
C:\Program Files (x86)\MSBuild\Microsoft.Cpp\v4.0\V140\Microsoft.CppCommon.targets(171,5): warning MSB8017: A circular dependency has been detected while executing custom build commands for item "..\..\gsl\gsl_fft_halfcomplex_float.h". This may cause incremental build to work incorrectly.
C:\Program Files (x86)\MSBuild\Microsoft.Cpp\v4.0\V140\Microsoft.CppCommon.targets(171,5): warning MSB8017: A circular dependency has been detected while executing custom build commands for item "..\..\gsl\gsl_fft_real.h". This may cause incremental build to work incorrectly.
C:\Program Files (x86)\MSBuild\Microsoft.Cpp\v4.0\V140\Microsoft.CppCommon.targets(171,5): warning MSB8017: A circular dependency has been detected while executing custom build commands for item "..\..\gsl\gsl_fft_real_float.h". This may cause incremental build to work incorrectly.
C:\Program Files (x86)\MSBuild\Microsoft.Cpp\v4.0\V140\Microsoft.CppCommon.targets(171,5): warning MSB8017: A circular dependency has been detected while executing custom build commands for item "..\..\gsl\gsl_fit.h". This may cause incremental build to work incorrectly.
C:\Program Files (x86)\MSBuild\Microsoft.Cpp\v4.0\V140\Microsoft.CppCommon.targets(171,5): warning MSB8017: A circular dependency has been detected while executing custom build commands for item "..\..\gsl\gsl_heapsort.h". This may cause incremental build to work incorrectly.
C:\Program Files (x86)\MSBuild\Microsoft.Cpp\v4.0\V140\Microsoft.CppCommon.targets(171,5): warning MSB8017: A circular dependency has been detected while executing custom build commands for item "..\..\gsl\gsl_histogram.h". This may cause incremental build to work incorrectly.
C:\Program Files (x86)\MSBuild\Microsoft.Cpp\v4.0\V140\Microsoft.CppCommon.targets(171,5): warning MSB8017: A circular dependency has been detected while executing custom build commands for item "..\..\gsl\gsl_histogram2d.h". This may cause incremental build to work incorrectly.
C:\Program Files (x86)\MSBuild\Microsoft.Cpp\v4.0\V140\Microsoft.CppCommon.targets(171,5): warning MSB8017: A circular dependency has been detected while executing custom build commands for item "..\..\gsl\gsl_ieee_utils.h". This may cause incremental build to work incorrectly.
C:\Program Files (x86)\MSBuild\Microsoft.Cpp\v4.0\V140\Microsoft.CppCommon.targets(171,5): warning MSB8017: A circular dependency has been detected while executing custom build commands for item "..\..\gsl\gsl_integration.h". This may cause incremental build to work incorrectly.
C:\Program Files (x86)\MSBuild\Microsoft.Cpp\v4.0\V140\Microsoft.CppCommon.targets(171,5): warning MSB8017: A circular dependency has been detected while executing custom build commands for item "..\..\gsl\gsl_interp.h". This may cause incremental build to work incorrectly.
C:\Program Files (x86)\MSBuild\Microsoft.Cpp\v4.0\V140\Microsoft.CppCommon.targets(171,5): warning MSB8017: A circular dependency has been detected while executing custom build commands for item "..\..\gsl\gsl_linalg.h". This may cause incremental build to work incorrectly.
C:\Program Files (x86)\MSBuild\Microsoft.Cpp\v4.0\V140\Microsoft.CppCommon.targets(171,5): warning MSB8017: A circular dependency has been detected while executing custom build commands for item "..\..\gsl\gsl_machine.h". This may cause incremental build to work incorrectly.
C:\Program Files (x86)\MSBuild\Microsoft.Cpp\v4.0\V140\Microsoft.CppCommon.targets(171,5): warning MSB8017: A circular dependency has been detected while executing custom build commands for item "..\..\gsl\gsl_math.h". This may cause incremental build to work incorrectly.
C:\Program Files (x86)\MSBuild\Microsoft.Cpp\v4.0\V140\Microsoft.CppCommon.targets(171,5): warning MSB8017: A circular dependency has been detected while executing custom build commands for item "..\..\gsl\gsl_matrix.h". This may cause incremental build to work incorrectly.
C:\Program Files (x86)\MSBuild\Microsoft.Cpp\v4.0\V140\Microsoft.CppCommon.targets(171,5): warning MSB8017: A circular dependency has been detected while executing custom build commands for item "..\..\gsl\gsl_matrix_char.h". This may cause incremental build to work incorrectly.
C:\Program Files (x86)\MSBuild\Microsoft.Cpp\v4.0\V140\Microsoft.CppCommon.targets(171,5): warning MSB8017: A circular dependency has been detected while executing custom build commands for item "..\..\gsl\gsl_matrix_complex_double.h". This may cause incremental build to work incorrectly.
C:\Program Files (x86)\MSBuild\Microsoft.Cpp\v4.0\V140\Microsoft.CppCommon.targets(171,5): warning MSB8017: A circular dependency has been detected while executing custom build commands for item "..\..\gsl\gsl_matrix_complex_float.h". This may cause incremental build to work incorrectly.
C:\Program Files (x86)\MSBuild\Microsoft.Cpp\v4.0\V140\Microsoft.CppCommon.targets(171,5): warning MSB8017: A circular dependency has been detected while executing custom build commands for item "..\..\gsl\gsl_matrix_complex_long_double.h". This may cause incremental build to work incorrectly.
C:\Program Files (x86)\MSBuild\Microsoft.Cpp\v4.0\V140\Microsoft.CppCommon.targets(171,5): warning MSB8017: A circular dependency has been detected while executing custom build commands for item "..\..\gsl\gsl_matrix_double.h". This may cause incremental build to work incorrectly.
C:\Program Files (x86)\MSBuild\Microsoft.Cpp\v4.0\V140\Microsoft.CppCommon.targets(171,5): warning MSB8017: A circular dependency has been detected while executing custom build commands for item "..\..\gsl\gsl_matrix_float.h". This may cause incremental build to work incorrectly.
C:\Program Files (x86)\MSBuild\Microsoft.Cpp\v4.0\V140\Microsoft.CppCommon.targets(171,5): warning MSB8017: A circular dependency has been detected while executing custom build commands for item "..\..\gsl\gsl_matrix_int.h". This may cause incremental build to work incorrectly.
C:\Program Files (x86)\MSBuild\Microsoft.Cpp\v4.0\V140\Microsoft.CppCommon.targets(171,5): warning MSB8017: A circular dependency has been detected while executing custom build commands for item "..\..\gsl\gsl_matrix_long.h". This may cause incremental build to work incorrectly.
C:\Program Files (x86)\MSBuild\Microsoft.Cpp\v4.0\V140\Microsoft.CppCommon.targets(171,5): warning MSB8017: A circular dependency has been detected while executing custom build commands for item "..\..\gsl\gsl_matrix_long_double.h". This may cause incremental build to work incorrectly.
C:\Program Files (x86)\MSBuild\Microsoft.Cpp\v4.0\V140\Microsoft.CppCommon.targets(171,5): warning MSB8017: A circular dependency has been detected while executing custom build commands for item "..\..\gsl\gsl_matrix_short.h". This may cause incremental build to work incorrectly.
C:\Program Files (x86)\MSBuild\Microsoft.Cpp\v4.0\V140\Microsoft.CppCommon.targets(171,5): warning MSB8017: A circular dependency has been detected while executing custom build commands for item "..\..\gsl\gsl_matrix_uchar.h". This may cause incremental build to work incorrectly.
C:\Program Files (x86)\MSBuild\Microsoft.Cpp\v4.0\V140\Microsoft.CppCommon.targets(171,5): warning MSB8017: A circular dependency has been detected while executing custom build commands for item "..\..\gsl\gsl_matrix_uint.h". This may cause incremental build to work incorrectly.
C:\Program Files (x86)\MSBuild\Microsoft.Cpp\v4.0\V140\Microsoft.CppCommon.targets(171,5): warning MSB8017: A circular dependency has been detected while executing custom build commands for item "..\..\gsl\gsl_matrix_ulong.h". This may cause incremental build to work incorrectly.
C:\Program Files (x86)\MSBuild\Microsoft.Cpp\v4.0\V140\Microsoft.CppCommon.targets(171,5): warning MSB8017: A circular dependency has been detected while executing custom build commands for item "..\..\gsl\gsl_matrix_ushort.h". This may cause incremental build to work incorrectly.
C:\Program Files (x86)\MSBuild\Microsoft.Cpp\v4.0\V140\Microsoft.CppCommon.targets(171,5): warning MSB8017: A circular dependency has been detected while executing custom build commands for item "..\..\gsl\gsl_message.h". This may cause incremental build to work incorrectly.
C:\Program Files (x86)\MSBuild\Microsoft.Cpp\v4.0\V140\Microsoft.CppCommon.targets(171,5): warning MSB8017: A circular dependency has been detected while executing custom build commands for item "..\..\gsl\gsl_min.h". This may cause incremental build to work incorrectly.
C:\Program Files (x86)\MSBuild\Microsoft.Cpp\v4.0\V140\Microsoft.CppCommon.targets(171,5): warning MSB8017: A circular dependency has been detected while executing custom build commands for item "..\..\gsl\gsl_mode.h". This may cause incremental build to work incorrectly.
C:\Program Files (x86)\MSBuild\Microsoft.Cpp\v4.0\V140\Microsoft.CppCommon.targets(171,5): warning MSB8017: A circular dependency has been detected while executing custom build commands for item "..\..\gsl\gsl_monte.h". This may cause incremental build to work incorrectly.
C:\Program Files (x86)\MSBuild\Microsoft.Cpp\v4.0\V140\Microsoft.CppCommon.targets(171,5): warning MSB8017: A circular dependency has been detected while executing custom build commands for item "..\..\gsl\gsl_monte_miser.h". This may cause incremental build to work incorrectly.
C:\Program Files (x86)\MSBuild\Microsoft.Cpp\v4.0\V140\Microsoft.CppCommon.targets(171,5): warning MSB8017: A circular dependency has been detected while executing custom build commands for item "..\..\gsl\gsl_monte_plain.h". This may cause incremental build to work incorrectly.
C:\Program Files (x86)\MSBuild\Microsoft.Cpp\v4.0\V140\Microsoft.CppCommon.targets(171,5): warning MSB8017: A circular dependency has been detected while executing custom build commands for item "..\..\gsl\gsl_monte_vegas.h". This may cause incremental build to work incorrectly.
C:\Program Files (x86)\MSBuild\Microsoft.Cpp\v4.0\V140\Microsoft.CppCommon.targets(171,5): warning MSB8017: A circular dependency has been detected while executing custom build commands for item "..\..\gsl\gsl_multifit.h". This may cause incremental build to work incorrectly.
C:\Program Files (x86)\MSBuild\Microsoft.Cpp\v4.0\V140\Microsoft.CppCommon.targets(171,5): warning MSB8017: A circular dependency has been detected while executing custom build commands for item "..\..\gsl\gsl_multifit_nlin.h". This may cause incremental build to work incorrectly.
C:\Program Files (x86)\MSBuild\Microsoft.Cpp\v4.0\V140\Microsoft.CppCommon.targets(171,5): warning MSB8017: A circular dependency has been detected while executing custom build commands for item "..\..\gsl\gsl_multimin.h". This may cause incremental build to work incorrectly.
C:\Program Files (x86)\MSBuild\Microsoft.Cpp\v4.0\V140\Microsoft.CppCommon.targets(171,5): warning MSB8017: A circular dependency has been detected while executing custom build commands for item "..\..\gsl\gsl_multiroots.h". This may cause incremental build to work incorrectly.
C:\Program Files (x86)\MSBuild\Microsoft.Cpp\v4.0\V140\Microsoft.CppCommon.targets(171,5): warning MSB8017: A circular dependency has been detected while executing custom build commands for item "..\..\gsl\gsl_nan.h". This may cause incremental build to work incorrectly.
C:\Program Files (x86)\MSBuild\Microsoft.Cpp\v4.0\V140\Microsoft.CppCommon.targets(171,5): warning MSB8017: A circular dependency has been detected while executing custom build commands for item "..\..\gsl\gsl_ntuple.h". This may cause incremental build to work incorrectly.
C:\Program Files (x86)\MSBuild\Microsoft.Cpp\v4.0\V140\Microsoft.CppCommon.targets(171,5): warning MSB8017: A circular dependency has been detected while executing custom build commands for item "..\..\gsl\gsl_odeiv.h". This may cause incremental build to work incorrectly.
C:\Program Files (x86)\MSBuild\Microsoft.Cpp\v4.0\V140\Microsoft.CppCommon.targets(171,5): warning MSB8017: A circular dependency has been detected while executing custom build commands for item "..\..\gsl\gsl_permutation.h". This may cause incremental build to work incorrectly.
C:\Program Files (x86)\MSBuild\Microsoft.Cpp\v4.0\V140\Microsoft.CppCommon.targets(171,5): warning MSB8017: A circular dependency has been detected while executing custom build commands for item "..\..\gsl\gsl_permute.h". This may cause incremental build to work incorrectly.
C:\Program Files (x86)\MSBuild\Microsoft.Cpp\v4.0\V140\Microsoft.CppCommon.targets(171,5): warning MSB8017: A circular dependency has been detected while executing custom build commands for item "..\..\gsl\gsl_permute_char.h". This may cause incremental build to work incorrectly.
C:\Program Files (x86)\MSBuild\Microsoft.Cpp\v4.0\V140\Microsoft.CppCommon.targets(171,5): warning MSB8017: A circular dependency has been detected while executing custom build commands for item "..\..\gsl\gsl_permute_complex_double.h". This may cause incremental build to work incorrectly.
C:\Program Files (x86)\MSBuild\Microsoft.Cpp\v4.0\V140\Microsoft.CppCommon.targets(171,5): warning MSB8017: A circular dependency has been detected while executing custom build commands for item "..\..\gsl\gsl_permute_complex_float.h". This may cause incremental build to work incorrectly.
C:\Program Files (x86)\MSBuild\Microsoft.Cpp\v4.0\V140\Microsoft.CppCommon.targets(171,5): warning MSB8017: A circular dependency has been detected while executing custom build commands for item "..\..\gsl\gsl_permute_complex_long_double.h". This may cause incremental build to work incorrectly.
C:\Program Files (x86)\MSBuild\Microsoft.Cpp\v4.0\V140\Microsoft.CppCommon.targets(171,5): warning MSB8017: A circular dependency has been detected while executing custom build commands for item "..\..\gsl\gsl_permute_double.h". This may cause incremental build to work incorrectly.
C:\Program Files (x86)\MSBuild\Microsoft.Cpp\v4.0\V140\Microsoft.CppCommon.targets(171,5): warning MSB8017: A circular dependency has been detected while executing custom build commands for item "..\..\gsl\gsl_permute_float.h". This may cause incremental build to work incorrectly.
C:\Program Files (x86)\MSBuild\Microsoft.Cpp\v4.0\V140\Microsoft.CppCommon.targets(171,5): warning MSB8017: A circular dependency has been detected while executing custom build commands for item "..\..\gsl\gsl_permute_int.h". This may cause incremental build to work incorrectly.
C:\Program Files (x86)\MSBuild\Microsoft.Cpp\v4.0\V140\Microsoft.CppCommon.targets(171,5): warning MSB8017: A circular dependency has been detected while executing custom build commands for item "..\..\gsl\gsl_permute_long.h". This may cause incremental build to work incorrectly.
C:\Program Files (x86)\MSBuild\Microsoft.Cpp\v4.0\V140\Microsoft.CppCommon.targets(171,5): warning MSB8017: A circular dependency has been detected while executing custom build commands for item "..\..\gsl\gsl_permute_long_double.h". This may cause incremental build to work incorrectly.
C:\Program Files (x86)\MSBuild\Microsoft.Cpp\v4.0\V140\Microsoft.CppCommon.targets(171,5): warning MSB8017: A circular dependency has been detected while executing custom build commands for item "..\..\gsl\gsl_permute_short.h". This may cause incremental build to work incorrectly.
C:\Program Files (x86)\MSBuild\Microsoft.Cpp\v4.0\V140\Microsoft.CppCommon.targets(171,5): warning MSB8017: A circular dependency has been detected while executing custom build commands for item "..\..\gsl\gsl_permute_uchar.h". This may cause incremental build to work incorrectly.
C:\Program Files (x86)\MSBuild\Microsoft.Cpp\v4.0\V140\Microsoft.CppCommon.targets(171,5): warning MSB8017: A circular dependency has been detected while executing custom build commands for item "..\..\gsl\gsl_permute_uint.h". This may cause incremental build to work incorrectly.
C:\Program Files (x86)\MSBuild\Microsoft.Cpp\v4.0\V140\Microsoft.CppCommon.targets(171,5): warning MSB8017: A circular dependency has been detected while executing custom build commands for item "..\..\gsl\gsl_permute_ulong.h". This may cause incremental build to work incorrectly.
C:\Program Files (x86)\MSBuild\Microsoft.Cpp\v4.0\V140\Microsoft.CppCommon.targets(171,5): warning MSB8017: A circular dependency has been detected while executing custom build commands for item "..\..\gsl\gsl_permute_ushort.h". This may cause incremental build to work incorrectly.
C:\Program Files (x86)\MSBuild\Microsoft.Cpp\v4.0\V140\Microsoft.CppCommon.targets(171,5): warning MSB8017: A circular dependency has been detected while executing custom build commands for item "..\..\gsl\gsl_permute_vector.h". This may cause incremental build to work incorrectly.
C:\Program Files (x86)\MSBuild\Microsoft.Cpp\v4.0\V140\Microsoft.CppCommon.targets(171,5): warning MSB8017: A circular dependency has been detected while executing custom build commands for item "..\..\gsl\gsl_permute_vector_char.h". This may cause incremental build to work incorrectly.
C:\Program Files (x86)\MSBuild\Microsoft.Cpp\v4.0\V140\Microsoft.CppCommon.targets(171,5): warning MSB8017: A circular dependency has been detected while executing custom build commands for item "..\..\gsl\gsl_permute_vector_complex_double.h". This may cause incremental build to work incorrectly.
C:\Program Files (x86)\MSBuild\Microsoft.Cpp\v4.0\V140\Microsoft.CppCommon.targets(171,5): warning MSB8017: A circular dependency has been detected while executing custom build commands for item "..\..\gsl\gsl_permute_vector_complex_float.h". This may cause incremental build to work incorrectly.
C:\Program Files (x86)\MSBuild\Microsoft.Cpp\v4.0\V140\Microsoft.CppCommon.targets(171,5): warning MSB8017: A circular dependency has been detected while executing custom build commands for item "..\..\gsl\gsl_permute_vector_complex_long_double.h". This may cause incremental build to work incorrectly.
C:\Program Files (x86)\MSBuild\Microsoft.Cpp\v4.0\V140\Microsoft.CppCommon.targets(171,5): warning MSB8017: A circular dependency has been detected while executing custom build commands for item "..\..\gsl\gsl_permute_vector_double.h". This may cause incremental build to work incorrectly.
C:\Program Files (x86)\MSBuild\Microsoft.Cpp\v4.0\V140\Microsoft.CppCommon.targets(171,5): warning MSB8017: A circular dependency has been detected while executing custom build commands for item "..\..\gsl\gsl_permute_vector_float.h". This may cause incremental build to work incorrectly.
C:\Program Files (x86)\MSBuild\Microsoft.Cpp\v4.0\V140\Microsoft.CppCommon.targets(171,5): warning MSB8017: A circular dependency has been detected while executing custom build commands for item "..\..\gsl\gsl_permute_vector_int.h". This may cause incremental build to work incorrectly.
C:\Program Files (x86)\MSBuild\Microsoft.Cpp\v4.0\V140\Microsoft.CppCommon.targets(171,5): warning MSB8017: A circular dependency has been detected while executing custom build commands for item "..\..\gsl\gsl_permute_vector_long.h". This may cause incremental build to work incorrectly.
C:\Program Files (x86)\MSBuild\Microsoft.Cpp\v4.0\V140\Microsoft.CppCommon.targets(171,5): warning MSB8017: A circular dependency has been detected while executing custom build commands for item "..\..\gsl\gsl_permute_vector_long_double.h". This may cause incremental build to work incorrectly.
C:\Program Files (x86)\MSBuild\Microsoft.Cpp\v4.0\V140\Microsoft.CppCommon.targets(171,5): warning MSB8017: A circular dependency has been detected while executing custom build commands for item "..\..\gsl\gsl_permute_vector_short.h". This may cause incremental build to work incorrectly.
C:\Program Files (x86)\MSBuild\Microsoft.Cpp\v4.0\V140\Microsoft.CppCommon.targets(171,5): warning MSB8017: A circular dependency has been detected while executing custom build commands for item "..\..\gsl\gsl_permute_vector_uchar.h". This may cause incremental build to work incorrectly.
C:\Program Files (x86)\MSBuild\Microsoft.Cpp\v4.0\V140\Microsoft.CppCommon.targets(171,5): warning MSB8017: A circular dependency has been detected while executing custom build commands for item "..\..\gsl\gsl_permute_vector_uint.h". This may cause incremental build to work incorrectly.
C:\Program Files (x86)\MSBuild\Microsoft.Cpp\v4.0\V140\Microsoft.CppCommon.targets(171,5): warning MSB8017: A circular dependency has been detected while executing custom build commands for item "..\..\gsl\gsl_permute_vector_ulong.h". This may cause incremental build to work incorrectly.
C:\Program Files (x86)\MSBuild\Microsoft.Cpp\v4.0\V140\Microsoft.CppCommon.targets(171,5): warning MSB8017: A circular dependency has been detected while executing custom build commands for item "..\..\gsl\gsl_permute_vector_ushort.h". This may cause incremental build to work incorrectly.
C:\Program Files (x86)\MSBuild\Microsoft.Cpp\v4.0\V140\Microsoft.CppCommon.targets(171,5): warning MSB8017: A circular dependency has been detected while executing custom build commands for item "..\..\gsl\gsl_poly.h". This may cause incremental build to work incorrectly.
C:\Program Files (x86)\MSBuild\Microsoft.Cpp\v4.0\V140\Microsoft.CppCommon.targets(171,5): warning MSB8017: A circular dependency has been detected while executing custom build commands for item "..\..\gsl\gsl_pow_int.h". This may cause incremental build to work incorrectly.
C:\Program Files (x86)\MSBuild\Microsoft.Cpp\v4.0\V140\Microsoft.CppCommon.targets(171,5): warning MSB8017: A circular dependency has been detected while executing custom build commands for item "..\..\gsl\gsl_precision.h". This may cause incremental build to work incorrectly.
C:\Program Files (x86)\MSBuild\Microsoft.Cpp\v4.0\V140\Microsoft.CppCommon.targets(171,5): warning MSB8017: A circular dependency has been detected while executing custom build commands for item "..\..\gsl\gsl_qrng.h". This may cause incremental build to work incorrectly.
C:\Program Files (x86)\MSBuild\Microsoft.Cpp\v4.0\V140\Microsoft.CppCommon.targets(171,5): warning MSB8017: A circular dependency has been detected while executing custom build commands for item "..\..\gsl\gsl_randist.h". This may cause incremental build to work incorrectly.
C:\Program Files (x86)\MSBuild\Microsoft.Cpp\v4.0\V140\Microsoft.CppCommon.targets(171,5): warning MSB8017: A circular dependency has been detected while executing custom build commands for item "..\..\gsl\gsl_rng.h". This may cause incremental build to work incorrectly.
C:\Program Files (x86)\MSBuild\Microsoft.Cpp\v4.0\V140\Microsoft.CppCommon.targets(171,5): warning MSB8017: A circular dependency has been detected while executing custom build commands for item "..\..\gsl\gsl_roots.h". This may cause incremental build to work incorrectly.
C:\Program Files (x86)\MSBuild\Microsoft.Cpp\v4.0\V140\Microsoft.CppCommon.targets(171,5): warning MSB8017: A circular dependency has been detected while executing custom build commands for item "..\..\gsl\gsl_sf.h". This may cause incremental build to work incorrectly.
C:\Program Files (x86)\MSBuild\Microsoft.Cpp\v4.0\V140\Microsoft.CppCommon.targets(171,5): warning MSB8017: A circular dependency has been detected while executing custom build commands for item "..\..\gsl\gsl_sf_airy.h". This may cause incremental build to work incorrectly.
C:\Program Files (x86)\MSBuild\Microsoft.Cpp\v4.0\V140\Microsoft.CppCommon.targets(171,5): warning MSB8017: A circular dependency has been detected while executing custom build commands for item "..\..\gsl\gsl_sf_bessel.h". This may cause incremental build to work incorrectly.
C:\Program Files (x86)\MSBuild\Microsoft.Cpp\v4.0\V140\Microsoft.CppCommon.targets(171,5): warning MSB8017: A circular dependency has been detected while executing custom build commands for item "..\..\gsl\gsl_sf_clausen.h". This may cause incremental build to work incorrectly.
C:\Program Files (x86)\MSBuild\Microsoft.Cpp\v4.0\V140\Microsoft.CppCommon.targets(171,5): warning MSB8017: A circular dependency has been detected while executing custom build commands for item "..\..\gsl\gsl_sf_coulomb.h". This may cause incremental build to work incorrectly.
C:\Program Files (x86)\MSBuild\Microsoft.Cpp\v4.0\V140\Microsoft.CppCommon.targets(171,5): warning MSB8017: A circular dependency has been detected while executing custom build commands for item "..\..\gsl\gsl_sf_coupling.h". This may cause incremental build to work incorrectly.
C:\Program Files (x86)\MSBuild\Microsoft.Cpp\v4.0\V140\Microsoft.CppCommon.targets(171,5): warning MSB8017: A circular dependency has been detected while executing custom build commands for item "..\..\gsl\gsl_sf_dawson.h". This may cause incremental build to work incorrectly.
C:\Program Files (x86)\MSBuild\Microsoft.Cpp\v4.0\V140\Microsoft.CppCommon.targets(171,5): warning MSB8017: A circular dependency has been detected while executing custom build commands for item "..\..\gsl\gsl_sf_debye.h". This may cause incremental build to work incorrectly.
C:\Program Files (x86)\MSBuild\Microsoft.Cpp\v4.0\V140\Microsoft.CppCommon.targets(171,5): warning MSB8017: A circular dependency has been detected while executing custom build commands for item "..\..\gsl\gsl_sf_dilog.h". This may cause incremental build to work incorrectly.
C:\Program Files (x86)\MSBuild\Microsoft.Cpp\v4.0\V140\Microsoft.CppCommon.targets(171,5): warning MSB8017: A circular dependency has been detected while executing custom build commands for item "..\..\gsl\gsl_sf_elementary.h". This may cause incremental build to work incorrectly.
C:\Program Files (x86)\MSBuild\Microsoft.Cpp\v4.0\V140\Microsoft.CppCommon.targets(171,5): warning MSB8017: A circular dependency has been detected while executing custom build commands for item "..\..\gsl\gsl_sf_ellint.h". This may cause incremental build to work incorrectly.
C:\Program Files (x86)\MSBuild\Microsoft.Cpp\v4.0\V140\Microsoft.CppCommon.targets(171,5): warning MSB8017: A circular dependency has been detected while executing custom build commands for item "..\..\gsl\gsl_sf_elljac.h". This may cause incremental build to work incorrectly.
C:\Program Files (x86)\MSBuild\Microsoft.Cpp\v4.0\V140\Microsoft.CppCommon.targets(171,5): warning MSB8017: A circular dependency has been detected while executing custom build commands for item "..\..\gsl\gsl_sf_erf.h". This may cause incremental build to work incorrectly.
C:\Program Files (x86)\MSBuild\Microsoft.Cpp\v4.0\V140\Microsoft.CppCommon.targets(171,5): warning MSB8017: A circular dependency has been detected while executing custom build commands for item "..\..\gsl\gsl_sf_exp.h". This may cause incremental build to work incorrectly.
C:\Program Files (x86)\MSBuild\Microsoft.Cpp\v4.0\V140\Microsoft.CppCommon.targets(171,5): warning MSB8017: A circular dependency has been detected while executing custom build commands for item "..\..\gsl\gsl_sf_expint.h". This may cause incremental build to work incorrectly.
C:\Program Files (x86)\MSBuild\Microsoft.Cpp\v4.0\V140\Microsoft.CppCommon.targets(171,5): warning MSB8017: A circular dependency has been detected while executing custom build commands for item "..\..\gsl\gsl_sf_fermi_dirac.h". This may cause incremental build to work incorrectly.
C:\Program Files (x86)\MSBuild\Microsoft.Cpp\v4.0\V140\Microsoft.CppCommon.targets(171,5): warning MSB8017: A circular dependency has been detected while executing custom build commands for item "..\..\gsl\gsl_sf_gamma.h". This may cause incremental build to work incorrectly.
C:\Program Files (x86)\MSBuild\Microsoft.Cpp\v4.0\V140\Microsoft.CppCommon.targets(171,5): warning MSB8017: A circular dependency has been detected while executing custom build commands for item "..\..\gsl\gsl_sf_gegenbauer.h". This may cause incremental build to work incorrectly.
C:\Program Files (x86)\MSBuild\Microsoft.Cpp\v4.0\V140\Microsoft.CppCommon.targets(171,5): warning MSB8017: A circular dependency has been detected while executing custom build commands for item "..\..\gsl\gsl_sf_hyperg.h". This may cause incremental build to work incorrectly.
C:\Program Files (x86)\MSBuild\Microsoft.Cpp\v4.0\V140\Microsoft.CppCommon.targets(171,5): warning MSB8017: A circular dependency has been detected while executing custom build commands for item "..\..\gsl\gsl_sf_laguerre.h". This may cause incremental build to work incorrectly.
C:\Program Files (x86)\MSBuild\Microsoft.Cpp\v4.0\V140\Microsoft.CppCommon.targets(171,5): warning MSB8017: A circular dependency has been detected while executing custom build commands for item "..\..\gsl\gsl_sf_lambert.h". This may cause incremental build to work incorrectly.
C:\Program Files (x86)\MSBuild\Microsoft.Cpp\v4.0\V140\Microsoft.CppCommon.targets(171,5): warning MSB8017: A circular dependency has been detected while executing custom build commands for item "..\..\gsl\gsl_sf_legendre.h". This may cause incremental build to work incorrectly.
C:\Program Files (x86)\MSBuild\Microsoft.Cpp\v4.0\V140\Microsoft.CppCommon.targets(171,5): warning MSB8017: A circular dependency has been detected while executing custom build commands for item "..\..\gsl\gsl_sf_log.h". This may cause incremental build to work incorrectly.
C:\Program Files (x86)\MSBuild\Microsoft.Cpp\v4.0\V140\Microsoft.CppCommon.targets(171,5): warning MSB8017: A circular dependency has been detected while executing custom build commands for item "..\..\gsl\gsl_sf_pow_int.h". This may cause incremental build to work incorrectly.
C:\Program Files (x86)\MSBuild\Microsoft.Cpp\v4.0\V140\Microsoft.CppCommon.targets(171,5): warning MSB8017: A circular dependency has been detected while executing custom build commands for item "..\..\gsl\gsl_sf_psi.h". This may cause incremental build to work incorrectly.
C:\Program Files (x86)\MSBuild\Microsoft.Cpp\v4.0\V140\Microsoft.CppCommon.targets(171,5): warning MSB8017: A circular dependency has been detected while executing custom build commands for item "..\..\gsl\gsl_sf_result.h". This may cause incremental build to work incorrectly.
C:\Program Files (x86)\MSBuild\Microsoft.Cpp\v4.0\V140\Microsoft.CppCommon.targets(171,5): warning MSB8017: A circular dependency has been detected while executing custom build commands for item "..\..\gsl\gsl_sf_synchrotron.h". This may cause incremental build to work incorrectly.
C:\Program Files (x86)\MSBuild\Microsoft.Cpp\v4.0\V140\Microsoft.CppCommon.targets(171,5): warning MSB8017: A circular dependency has been detected while executing custom build commands for item "..\..\gsl\gsl_sf_transport.h". This may cause incremental build to work incorrectly.
C:\Program Files (x86)\MSBuild\Microsoft.Cpp\v4.0\V140\Microsoft.CppCommon.targets(171,5): warning MSB8017: A circular dependency has been detected while executing custom build commands for item "..\..\gsl\gsl_sf_trig.h". This may cause incremental build to work incorrectly.
C:\Program Files (x86)\MSBuild\Microsoft.Cpp\v4.0\V140\Microsoft.CppCommon.targets(171,5): warning MSB8017: A circular dependency has been detected while executing custom build commands for item "..\..\gsl\gsl_sf_zeta.h". This may cause incremental build to work incorrectly.
C:\Program Files (x86)\MSBuild\Microsoft.Cpp\v4.0\V140\Microsoft.CppCommon.targets(171,5): warning MSB8017: A circular dependency has been detected while executing custom build commands for item "..\..\gsl\gsl_siman.h". This may cause incremental build to work incorrectly.
C:\Program Files (x86)\MSBuild\Microsoft.Cpp\v4.0\V140\Microsoft.CppCommon.targets(171,5): warning MSB8017: A circular dependency has been detected while executing custom build commands for item "..\..\gsl\gsl_sort.h". This may cause incremental build to work incorrectly.
C:\Program Files (x86)\MSBuild\Microsoft.Cpp\v4.0\V140\Microsoft.CppCommon.targets(171,5): warning MSB8017: A circular dependency has been detected while executing custom build commands for item "..\..\gsl\gsl_sort_char.h". This may cause incremental build to work incorrectly.
C:\Program Files (x86)\MSBuild\Microsoft.Cpp\v4.0\V140\Microsoft.CppCommon.targets(171,5): warning MSB8017: A circular dependency has been detected while executing custom build commands for item "..\..\gsl\gsl_sort_double.h". This may cause incremental build to work incorrectly.
C:\Program Files (x86)\MSBuild\Microsoft.Cpp\v4.0\V140\Microsoft.CppCommon.targets(171,5): warning MSB8017: A circular dependency has been detected while executing custom build commands for item "..\..\gsl\gsl_sort_float.h". This may cause incremental build to work incorrectly.
C:\Program Files (x86)\MSBuild\Microsoft.Cpp\v4.0\V140\Microsoft.CppCommon.targets(171,5): warning MSB8017: A circular dependency has been detected while executing custom build commands for item "..\..\gsl\gsl_sort_int.h". This may cause incremental build to work incorrectly.
C:\Program Files (x86)\MSBuild\Microsoft.Cpp\v4.0\V140\Microsoft.CppCommon.targets(171,5): warning MSB8017: A circular dependency has been detected while executing custom build commands for item "..\..\gsl\gsl_sort_long.h". This may cause incremental build to work incorrectly.
C:\Program Files (x86)\MSBuild\Microsoft.Cpp\v4.0\V140\Microsoft.CppCommon.targets(171,5): warning MSB8017: A circular dependency has been detected while executing custom build commands for item "..\..\gsl\gsl_sort_long_double.h". This may cause incremental build to work incorrectly.
C:\Program Files (x86)\MSBuild\Microsoft.Cpp\v4.0\V140\Microsoft.CppCommon.targets(171,5): warning MSB8017: A circular dependency has been detected while executing custom build commands for item "..\..\gsl\gsl_sort_short.h". This may cause incremental build to work incorrectly.
C:\Program Files (x86)\MSBuild\Microsoft.Cpp\v4.0\V140\Microsoft.CppCommon.targets(171,5): warning MSB8017: A circular dependency has been detected while executing custom build commands for item "..\..\gsl\gsl_sort_uchar.h". This may cause incremental build to work incorrectly.
C:\Program Files (x86)\MSBuild\Microsoft.Cpp\v4.0\V140\Microsoft.CppCommon.targets(171,5): warning MSB8017: A circular dependency has been detected while executing custom build commands for item "..\..\gsl\gsl_sort_uint.h". This may cause incremental build to work incorrectly.
C:\Program Files (x86)\MSBuild\Microsoft.Cpp\v4.0\V140\Microsoft.CppCommon.targets(171,5): warning MSB8017: A circular dependency has been detected while executing custom build commands for item "..\..\gsl\gsl_sort_ulong.h". This may cause incremental build to work incorrectly.
C:\Program Files (x86)\MSBuild\Microsoft.Cpp\v4.0\V140\Microsoft.CppCommon.targets(171,5): warning MSB8017: A circular dependency has been detected while executing custom build commands for item "..\..\gsl\gsl_sort_ushort.h". This may cause incremental build to work incorrectly.
C:\Program Files (x86)\MSBuild\Microsoft.Cpp\v4.0\V140\Microsoft.CppCommon.targets(171,5): warning MSB8017: A circular dependency has been detected while executing custom build commands for item "..\..\gsl\gsl_sort_vector.h". This may cause incremental build to work incorrectly.
C:\Program Files (x86)\MSBuild\Microsoft.Cpp\v4.0\V140\Microsoft.CppCommon.targets(171,5): warning MSB8017: A circular dependency has been detected while executing custom build commands for item "..\..\gsl\gsl_sort_vector_char.h". This may cause incremental build to work incorrectly.
C:\Program Files (x86)\MSBuild\Microsoft.Cpp\v4.0\V140\Microsoft.CppCommon.targets(171,5): warning MSB8017: A circular dependency has been detected while executing custom build commands for item "..\..\gsl\gsl_sort_vector_double.h". This may cause incremental build to work incorrectly.
C:\Program Files (x86)\MSBuild\Microsoft.Cpp\v4.0\V140\Microsoft.CppCommon.targets(171,5): warning MSB8017: A circular dependency has been detected while executing custom build commands for item "..\..\gsl\gsl_sort_vector_float.h". This may cause incremental build to work incorrectly.
C:\Program Files (x86)\MSBuild\Microsoft.Cpp\v4.0\V140\Microsoft.CppCommon.targets(171,5): warning MSB8017: A circular dependency has been detected while executing custom build commands for item "..\..\gsl\gsl_sort_vector_int.h". This may cause incremental build to work incorrectly.
C:\Program Files (x86)\MSBuild\Microsoft.Cpp\v4.0\V140\Microsoft.CppCommon.targets(171,5): warning MSB8017: A circular dependency has been detected while executing custom build commands for item "..\..\gsl\gsl_sort_vector_long.h". This may cause incremental build to work incorrectly.
C:\Program Files (x86)\MSBuild\Microsoft.Cpp\v4.0\V140\Microsoft.CppCommon.targets(171,5): warning MSB8017: A circular dependency has been detected while executing custom build commands for item "..\..\gsl\gsl_sort_vector_long_double.h". This may cause incremental build to work incorrectly.
C:\Program Files (x86)\MSBuild\Microsoft.Cpp\v4.0\V140\Microsoft.CppCommon.targets(171,5): warning MSB8017: A circular dependency has been detected while executing custom build commands for item "..\..\gsl\gsl_sort_vector_short.h". This may cause incremental build to work incorrectly.
C:\Program Files (x86)\MSBuild\Microsoft.Cpp\v4.0\V140\Microsoft.CppCommon.targets(171,5): warning MSB8017: A circular dependency has been detected while executing custom build commands for item "..\..\gsl\gsl_sort_vector_uchar.h". This may cause incremental build to work incorrectly.
C:\Program Files (x86)\MSBuild\Microsoft.Cpp\v4.0\V140\Microsoft.CppCommon.targets(171,5): warning MSB8017: A circular dependency has been detected while executing custom build commands for item "..\..\gsl\gsl_sort_vector_uint.h". This may cause incremental build to work incorrectly.
C:\Program Files (x86)\MSBuild\Microsoft.Cpp\v4.0\V140\Microsoft.CppCommon.targets(171,5): warning MSB8017: A circular dependency has been detected while executing custom build commands for item "..\..\gsl\gsl_sort_vector_ulong.h". This may cause incremental build to work incorrectly.
C:\Program Files (x86)\MSBuild\Microsoft.Cpp\v4.0\V140\Microsoft.CppCommon.targets(171,5): warning MSB8017: A circular dependency has been detected while executing custom build commands for item "..\..\gsl\gsl_sort_vector_ushort.h". This may cause incremental build to work incorrectly.
C:\Program Files (x86)\MSBuild\Microsoft.Cpp\v4.0\V140\Microsoft.CppCommon.targets(171,5): warning MSB8017: A circular dependency has been detected while executing custom build commands for item "..\..\gsl\gsl_specfunc.h". This may cause incremental build to work incorrectly.
C:\Program Files (x86)\MSBuild\Microsoft.Cpp\v4.0\V140\Microsoft.CppCommon.targets(171,5): warning MSB8017: A circular dependency has been detected while executing custom build commands for item "..\..\gsl\gsl_spline.h". This may cause incremental build to work incorrectly.
C:\Program Files (x86)\MSBuild\Microsoft.Cpp\v4.0\V140\Microsoft.CppCommon.targets(171,5): warning MSB8017: A circular dependency has been detected while executing custom build commands for item "..\..\gsl\gsl_statistics.h". This may cause incremental build to work incorrectly.
C:\Program Files (x86)\MSBuild\Microsoft.Cpp\v4.0\V140\Microsoft.CppCommon.targets(171,5): warning MSB8017: A circular dependency has been detected while executing custom build commands for item "..\..\gsl\gsl_statistics_char.h". This may cause incremental build to work incorrectly.
C:\Program Files (x86)\MSBuild\Microsoft.Cpp\v4.0\V140\Microsoft.CppCommon.targets(171,5): warning MSB8017: A circular dependency has been detected while executing custom build commands for item "..\..\gsl\gsl_statistics_double.h". This may cause incremental build to work incorrectly.
C:\Program Files (x86)\MSBuild\Microsoft.Cpp\v4.0\V140\Microsoft.CppCommon.targets(171,5): warning MSB8017: A circular dependency has been detected while executing custom build commands for item "..\..\gsl\gsl_statistics_float.h". This may cause incremental build to work incorrectly.
C:\Program Files (x86)\MSBuild\Microsoft.Cpp\v4.0\V140\Microsoft.CppCommon.targets(171,5): warning MSB8017: A circular dependency has been detected while executing custom build commands for item "..\..\gsl\gsl_statistics_int.h". This may cause incremental build to work incorrectly.
C:\Program Files (x86)\MSBuild\Microsoft.Cpp\v4.0\V140\Microsoft.CppCommon.targets(171,5): warning MSB8017: A circular dependency has been detected while executing custom build commands for item "..\..\gsl\gsl_statistics_long.h". This may cause incremental build to work incorrectly.
C:\Program Files (x86)\MSBuild\Microsoft.Cpp\v4.0\V140\Microsoft.CppCommon.targets(171,5): warning MSB8017: A circular dependency has been detected while executing custom build commands for item "..\..\gsl\gsl_statistics_long_double.h". This may cause incremental build to work incorrectly.
C:\Program Files (x86)\MSBuild\Microsoft.Cpp\v4.0\V140\Microsoft.CppCommon.targets(171,5): warning MSB8017: A circular dependency has been detected while executing custom build commands for item "..\..\gsl\gsl_statistics_short.h". This may cause incremental build to work incorrectly.
C:\Program Files (x86)\MSBuild\Microsoft.Cpp\v4.0\V140\Microsoft.CppCommon.targets(171,5): warning MSB8017: A circular dependency has been detected while executing custom build commands for item "..\..\gsl\gsl_statistics_uchar.h". This may cause incremental build to work incorrectly.
C:\Program Files (x86)\MSBuild\Microsoft.Cpp\v4.0\V140\Microsoft.CppCommon.targets(171,5): warning MSB8017: A circular dependency has been detected while executing custom build commands for item "..\..\gsl\gsl_statistics_uint.h". This may cause incremental build to work incorrectly.
C:\Program Files (x86)\MSBuild\Microsoft.Cpp\v4.0\V140\Microsoft.CppCommon.targets(171,5): warning MSB8017: A circular dependency has been detected while executing custom build commands for item "..\..\gsl\gsl_statistics_ulong.h". This may cause incremental build to work incorrectly.
C:\Program Files (x86)\MSBuild\Microsoft.Cpp\v4.0\V140\Microsoft.CppCommon.targets(171,5): warning MSB8017: A circular dependency has been detected while executing custom build commands for item "..\..\gsl\gsl_statistics_ushort.h". This may cause incremental build to work incorrectly.
C:\Program Files (x86)\MSBuild\Microsoft.Cpp\v4.0\V140\Microsoft.CppCommon.targets(171,5): warning MSB8017: A circular dependency has been detected while executing custom build commands for item "..\..\gsl\gsl_sum.h". This may cause incremental build to work incorrectly.
C:\Program Files (x86)\MSBuild\Microsoft.Cpp\v4.0\V140\Microsoft.CppCommon.targets(171,5): warning MSB8017: A circular dependency has been detected while executing custom build commands for item "..\..\gsl\gsl_sys.h". This may cause incremental build to work incorrectly.
C:\Program Files (x86)\MSBuild\Microsoft.Cpp\v4.0\V140\Microsoft.CppCommon.targets(171,5): warning MSB8017: A circular dependency has been detected while executing custom build commands for item "..\..\gsl\gsl_test.h". This may cause incremental build to work incorrectly.
C:\Program Files (x86)\MSBuild\Microsoft.Cpp\v4.0\V140\Microsoft.CppCommon.targets(171,5): warning MSB8017: A circular dependency has been detected while executing custom build commands for item "..\..\gsl\gsl_types.h". This may cause incremental build to work incorrectly.
C:\Program Files (x86)\MSBuild\Microsoft.Cpp\v4.0\V140\Microsoft.CppCommon.targets(171,5): warning MSB8017: A circular dependency has been detected while executing custom build commands for item "..\..\gsl\gsl_vector.h". This may cause incremental build to work incorrectly.
C:\Program Files (x86)\MSBuild\Microsoft.Cpp\v4.0\V140\Microsoft.CppCommon.targets(171,5): warning MSB8017: A circular dependency has been detected while executing custom build commands for item "..\..\gsl\gsl_vector_char.h". This may cause incremental build to work incorrectly.
C:\Program Files (x86)\MSBuild\Microsoft.Cpp\v4.0\V140\Microsoft.CppCommon.targets(171,5): warning MSB8017: A circular dependency has been detected while executing custom build commands for item "..\..\gsl\gsl_vector_complex.h". This may cause incremental build to work incorrectly.
C:\Program Files (x86)\MSBuild\Microsoft.Cpp\v4.0\V140\Microsoft.CppCommon.targets(171,5): warning MSB8017: A circular dependency has been detected while executing custom build commands for item "..\..\gsl\gsl_vector_complex_double.h". This may cause incremental build to work incorrectly.
C:\Program Files (x86)\MSBuild\Microsoft.Cpp\v4.0\V140\Microsoft.CppCommon.targets(171,5): warning MSB8017: A circular dependency has been detected while executing custom build commands for item "..\..\gsl\gsl_vector_complex_float.h". This may cause incremental build to work incorrectly.
C:\Program Files (x86)\MSBuild\Microsoft.Cpp\v4.0\V140\Microsoft.CppCommon.targets(171,5): warning MSB8017: A circular dependency has been detected while executing custom build commands for item "..\..\gsl\gsl_vector_complex_long_double.h". This may cause incremental build to work incorrectly.
C:\Program Files (x86)\MSBuild\Microsoft.Cpp\v4.0\V140\Microsoft.CppCommon.targets(171,5): warning MSB8017: A circular dependency has been detected while executing custom build commands for item "..\..\gsl\gsl_vector_double.h". This may cause incremental build to work incorrectly.
C:\Program Files (x86)\MSBuild\Microsoft.Cpp\v4.0\V140\Microsoft.CppCommon.targets(171,5): warning MSB8017: A circular dependency has been detected while executing custom build commands for item "..\..\gsl\gsl_vector_float.h". This may cause incremental build to work incorrectly.
C:\Program Files (x86)\MSBuild\Microsoft.Cpp\v4.0\V140\Microsoft.CppCommon.targets(171,5): warning MSB8017: A circular dependency has been detected while executing custom build commands for item "..\..\gsl\gsl_vector_int.h". This may cause incremental build to work incorrectly.
C:\Program Files (x86)\MSBuild\Microsoft.Cpp\v4.0\V140\Microsoft.CppCommon.targets(171,5): warning MSB8017: A circular dependency has been detected while executing custom build commands for item "..\..\gsl\gsl_vector_long.h". This may cause incremental build to work incorrectly.
C:\Program Files (x86)\MSBuild\Microsoft.Cpp\v4.0\V140\Microsoft.CppCommon.targets(171,5): warning MSB8017: A circular dependency has been detected while executing custom build commands for item "..\..\gsl\gsl_vector_long_double.h". This may cause incremental build to work incorrectly.
C:\Program Files (x86)\MSBuild\Microsoft.Cpp\v4.0\V140\Microsoft.CppCommon.targets(171,5): warning MSB8017: A circular dependency has been detected while executing custom build commands for item "..\..\gsl\gsl_vector_short.h". This may cause incremental build to work incorrectly.
C:\Program Files (x86)\MSBuild\Microsoft.Cpp\v4.0\V140\Microsoft.CppCommon.targets(171,5): warning MSB8017: A circular dependency has been detected while executing custom build commands for item "..\..\gsl\gsl_vector_uchar.h". This may cause incremental build to work incorrectly.
C:\Program Files (x86)\MSBuild\Microsoft.Cpp\v4.0\V140\Microsoft.CppCommon.targets(171,5): warning MSB8017: A circular dependency has been detected while executing custom build commands for item "..\..\gsl\gsl_vector_uint.h". This may cause incremental build to work incorrectly.
C:\Program Files (x86)\MSBuild\Microsoft.Cpp\v4.0\V140\Microsoft.CppCommon.targets(171,5): warning MSB8017: A circular dependency has been detected while executing custom build commands for item "..\..\gsl\gsl_vector_ulong.h". This may cause incremental build to work incorrectly.
C:\Program Files (x86)\MSBuild\Microsoft.Cpp\v4.0\V140\Microsoft.CppCommon.targets(171,5): warning MSB8017: A circular dependency has been detected while executing custom build commands for item "..\..\gsl\gsl_vector_ushort.h". This may cause incremental build to work incorrectly.
C:\Program Files (x86)\MSBuild\Microsoft.Cpp\v4.0\V140\Microsoft.CppCommon.targets(171,5): warning MSB8017: A circular dependency has been detected while executing custom build commands for item "..\..\gsl\gsl_version.h". This may cause incremental build to work incorrectly.
C:\Program Files (x86)\MSBuild\Microsoft.Cpp\v4.0\V140\Microsoft.CppCommon.targets(171,5): warning MSB8017: A circular dependency has been detected while executing custom build commands for item "..\..\gsl\gsl_wavelet.h". This may cause incremental build to work incorrectly.
C:\Program Files (x86)\MSBuild\Microsoft.Cpp\v4.0\V140\Microsoft.CppCommon.targets(171,5): warning MSB8017: A circular dependency has been detected while executing custom build commands for item "..\..\gsl\gsl_wavelet2d.h". This may cause incremental build to work incorrectly.
  Copying gsl header... gsl_blas.h
          1 file(s) copied.
  Copying gsl header... gsl_blas_types.h
          1 file(s) copied.
  Copying gsl header... gsl_block.h
          1 file(s) copied.
  Copying gsl header... gsl_block_char.h
          1 file(s) copied.
  Copying gsl header... gsl_block_complex_double.h
          1 file(s) copied.
  Copying gsl header... gsl_block_complex_float.h
          1 file(s) copied.
  Copying gsl header... gsl_block_complex_long_double.h
          1 file(s) copied.
  Copying gsl header... gsl_block_double.h
          1 file(s) copied.
  Copying gsl header... gsl_block_float.h
          1 file(s) copied.
  Copying gsl header... gsl_block_int.h
          1 file(s) copied.
  Copying gsl header... gsl_block_long.h
          1 file(s) copied.
  Copying gsl header... gsl_block_long_double.h
          1 file(s) copied.
  Copying gsl header... gsl_block_short.h
          1 file(s) copied.
  Copying gsl header... gsl_block_uchar.h
          1 file(s) copied.
  Copying gsl header... gsl_block_uint.h
          1 file(s) copied.
  Copying gsl header... gsl_block_ulong.h
          1 file(s) copied.
  Copying gsl header... gsl_block_ushort.h
          1 file(s) copied.
  Copying gsl header... gsl_cblas.h
          1 file(s) copied.
  Copying gsl header... gsl_cdf.h
          1 file(s) copied.
  Copying gsl header... gsl_chebyshev.h
          1 file(s) copied.
  Copying gsl header... gsl_check_range.h
          1 file(s) copied.
  Copying gsl header... gsl_combination.h
          1 file(s) copied.
  Copying gsl header... gsl_complex.h
          1 file(s) copied.
  Copying gsl header... gsl_complex_math.h
          1 file(s) copied.
  Copying gsl header... gsl_const.h
          1 file(s) copied.
  Copying gsl header... gsl_const_cgs.h
          1 file(s) copied.
  Copying gsl header... gsl_const_cgsm.h
          1 file(s) copied.
  Copying gsl header... gsl_const_mks.h
          1 file(s) copied.
  Copying gsl header... gsl_const_mksa.h
          1 file(s) copied.
  Copying gsl header... gsl_const_num.h
          1 file(s) copied.
  Copying gsl header... gsl_deriv.h
          1 file(s) copied.
  Copying gsl header... gsl_dft_complex.h
          1 file(s) copied.
  Copying gsl header... gsl_dft_complex_float.h
          1 file(s) copied.
  Copying gsl header... gsl_dht.h
          1 file(s) copied.
  Copying gsl header... gsl_diff.h
          1 file(s) copied.
  Copying gsl header... gsl_eigen.h
          1 file(s) copied.
  Copying gsl header... gsl_errno.h
          1 file(s) copied.
  Copying gsl header... gsl_fft.h
          1 file(s) copied.
  Copying gsl header... gsl_fft_complex.h
          1 file(s) copied.
  Copying gsl header... gsl_fft_complex_float.h
          1 file(s) copied.
  Copying gsl header... gsl_fft_halfcomplex.h
          1 file(s) copied.
  Copying gsl header... gsl_fft_halfcomplex_float.h
          1 file(s) copied.
  Copying gsl header... gsl_fft_real.h
          1 file(s) copied.
  Copying gsl header... gsl_fft_real_float.h
          1 file(s) copied.
  Copying gsl header... gsl_fit.h
          1 file(s) copied.
  Copying gsl header... gsl_heapsort.h
          1 file(s) copied.
  Copying gsl header... gsl_histogram.h
          1 file(s) copied.
  Copying gsl header... gsl_histogram2d.h
          1 file(s) copied.
  Copying gsl header... gsl_ieee_utils.h
          1 file(s) copied.
  Copying gsl header... gsl_integration.h
          1 file(s) copied.
  Copying gsl header... gsl_interp.h
          1 file(s) copied.
  Copying gsl header... gsl_linalg.h
          1 file(s) copied.
  Copying gsl header... gsl_machine.h
          1 file(s) copied.
  Copying gsl header... gsl_math.h
          1 file(s) copied.
  Copying gsl header... gsl_matrix.h
          1 file(s) copied.
  Copying gsl header... gsl_matrix_char.h
          1 file(s) copied.
  Copying gsl header... gsl_matrix_complex_double.h
          1 file(s) copied.
  Copying gsl header... gsl_matrix_complex_float.h
          1 file(s) copied.
  Copying gsl header... gsl_matrix_complex_long_double.h
          1 file(s) copied.
  Copying gsl header... gsl_matrix_double.h
          1 file(s) copied.
  Copying gsl header... gsl_matrix_float.h
          1 file(s) copied.
  Copying gsl header... gsl_matrix_int.h
          1 file(s) copied.
  Copying gsl header... gsl_matrix_long.h
          1 file(s) copied.
  Copying gsl header... gsl_matrix_long_double.h
          1 file(s) copied.
  Copying gsl header... gsl_matrix_short.h
          1 file(s) copied.
  Copying gsl header... gsl_matrix_uchar.h
          1 file(s) copied.
  Copying gsl header... gsl_matrix_uint.h
          1 file(s) copied.
  Copying gsl header... gsl_matrix_ulong.h
          1 file(s) copied.
  Copying gsl header... gsl_matrix_ushort.h
          1 file(s) copied.
  Copying gsl header... gsl_message.h
          1 file(s) copied.
  Copying gsl header... gsl_min.h
          1 file(s) copied.
  Copying gsl header... gsl_mode.h
          1 file(s) copied.
  Copying gsl header... gsl_monte.h
          1 file(s) copied.
  Copying gsl header... gsl_monte_miser.h
          1 file(s) copied.
  Copying gsl header... gsl_monte_plain.h
          1 file(s) copied.
  Copying gsl header... gsl_monte_vegas.h
          1 file(s) copied.
  Copying gsl header... gsl_multifit.h
          1 file(s) copied.
  Copying gsl header... gsl_multifit_nlin.h
          1 file(s) copied.
  Copying gsl header... gsl_multimin.h
          1 file(s) copied.
  Copying gsl header... gsl_multiroots.h
          1 file(s) copied.
  Copying gsl header... gsl_nan.h
          1 file(s) copied.
  Copying gsl header... gsl_ntuple.h
          1 file(s) copied.
  Copying gsl header... gsl_odeiv.h
          1 file(s) copied.
  Copying gsl header... gsl_permutation.h
          1 file(s) copied.
  Copying gsl header... gsl_permute.h
          1 file(s) copied.
  Copying gsl header... gsl_permute_char.h
          1 file(s) copied.
  Copying gsl header... gsl_permute_complex_double.h
          1 file(s) copied.
  Copying gsl header... gsl_permute_complex_float.h
          1 file(s) copied.
  Copying gsl header... gsl_permute_complex_long_double.h
          1 file(s) copied.
  Copying gsl header... gsl_permute_double.h
          1 file(s) copied.
  Copying gsl header... gsl_permute_float.h
          1 file(s) copied.
  Copying gsl header... gsl_permute_int.h
          1 file(s) copied.
  Copying gsl header... gsl_permute_long.h
          1 file(s) copied.
  Copying gsl header... gsl_permute_long_double.h
          1 file(s) copied.
  Copying gsl header... gsl_permute_short.h
          1 file(s) copied.
  Copying gsl header... gsl_permute_uchar.h
          1 file(s) copied.
  Copying gsl header... gsl_permute_uint.h
          1 file(s) copied.
  Copying gsl header... gsl_permute_ulong.h
          1 file(s) copied.
  Copying gsl header... gsl_permute_ushort.h
          1 file(s) copied.
  Copying gsl header... gsl_permute_vector.h
          1 file(s) copied.
  Copying gsl header... gsl_permute_vector_char.h
          1 file(s) copied.
  Copying gsl header... gsl_permute_vector_complex_double.h
          1 file(s) copied.
  Copying gsl header... gsl_permute_vector_complex_float.h
          1 file(s) copied.
  Copying gsl header... gsl_permute_vector_complex_long_double.h
          1 file(s) copied.
  Copying gsl header... gsl_permute_vector_double.h
          1 file(s) copied.
  Copying gsl header... gsl_permute_vector_float.h
          1 file(s) copied.
  Copying gsl header... gsl_permute_vector_int.h
          1 file(s) copied.
  Copying gsl header... gsl_permute_vector_long.h
          1 file(s) copied.
  Copying gsl header... gsl_permute_vector_long_double.h
          1 file(s) copied.
  Copying gsl header... gsl_permute_vector_short.h
          1 file(s) copied.
  Copying gsl header... gsl_permute_vector_uchar.h
          1 file(s) copied.
  Copying gsl header... gsl_permute_vector_uint.h
          1 file(s) copied.
  Copying gsl header... gsl_permute_vector_ulong.h
          1 file(s) copied.
  Copying gsl header... gsl_permute_vector_ushort.h
          1 file(s) copied.
  Copying gsl header... gsl_poly.h
          1 file(s) copied.
  Copying gsl header... gsl_pow_int.h
          1 file(s) copied.
  Copying gsl header... gsl_precision.h
          1 file(s) copied.
  Copying gsl header... gsl_qrng.h
          1 file(s) copied.
  Copying gsl header... gsl_randist.h
          1 file(s) copied.
  Copying gsl header... gsl_rng.h
          1 file(s) copied.
  Copying gsl header... gsl_roots.h
          1 file(s) copied.
  Copying gsl header... gsl_sf.h
          1 file(s) copied.
  Copying gsl header... gsl_sf_airy.h
          1 file(s) copied.
  Copying gsl header... gsl_sf_bessel.h
          1 file(s) copied.
  Copying gsl header... gsl_sf_clausen.h
          1 file(s) copied.
  Copying gsl header... gsl_sf_coulomb.h
          1 file(s) copied.
  Copying gsl header... gsl_sf_coupling.h
          1 file(s) copied.
  Copying gsl header... gsl_sf_dawson.h
          1 file(s) copied.
  Copying gsl header... gsl_sf_debye.h
          1 file(s) copied.
  Copying gsl header... gsl_sf_dilog.h
          1 file(s) copied.
  Copying gsl header... gsl_sf_elementary.h
          1 file(s) copied.
  Copying gsl header... gsl_sf_ellint.h
          1 file(s) copied.
  Copying gsl header... gsl_sf_elljac.h
          1 file(s) copied.
  Copying gsl header... gsl_sf_erf.h
          1 file(s) copied.
  Copying gsl header... gsl_sf_exp.h
          1 file(s) copied.
  Copying gsl header... gsl_sf_expint.h
          1 file(s) copied.
  Copying gsl header... gsl_sf_fermi_dirac.h
          1 file(s) copied.
  Copying gsl header... gsl_sf_gamma.h
          1 file(s) copied.
  Copying gsl header... gsl_sf_gegenbauer.h
          1 file(s) copied.
  Copying gsl header... gsl_sf_hyperg.h
          1 file(s) copied.
  Copying gsl header... gsl_sf_laguerre.h
          1 file(s) copied.
  Copying gsl header... gsl_sf_lambert.h
          1 file(s) copied.
  Copying gsl header... gsl_sf_legendre.h
          1 file(s) copied.
  Copying gsl header... gsl_sf_log.h
          1 file(s) copied.
  Copying gsl header... gsl_sf_pow_int.h
          1 file(s) copied.
  Copying gsl header... gsl_sf_psi.h
          1 file(s) copied.
  Copying gsl header... gsl_sf_result.h
          1 file(s) copied.
  Copying gsl header... gsl_sf_synchrotron.h
          1 file(s) copied.
  Copying gsl header... gsl_sf_transport.h
          1 file(s) copied.
  Copying gsl header... gsl_sf_trig.h
          1 file(s) copied.
  Copying gsl header... gsl_sf_zeta.h
          1 file(s) copied.
  Copying gsl header... gsl_siman.h
          1 file(s) copied.
  Copying gsl header... gsl_sort.h
          1 file(s) copied.
  Copying gsl header... gsl_sort_char.h
          1 file(s) copied.
  Copying gsl header... gsl_sort_double.h
          1 file(s) copied.
  Copying gsl header... gsl_sort_float.h
          1 file(s) copied.
  Copying gsl header... gsl_sort_int.h
          1 file(s) copied.
  Copying gsl header... gsl_sort_long.h
          1 file(s) copied.
  Copying gsl header... gsl_sort_long_double.h
          1 file(s) copied.
  Copying gsl header... gsl_sort_short.h
          1 file(s) copied.
  Copying gsl header... gsl_sort_uchar.h
          1 file(s) copied.
  Copying gsl header... gsl_sort_uint.h
          1 file(s) copied.
  Copying gsl header... gsl_sort_ulong.h
          1 file(s) copied.
  Copying gsl header... gsl_sort_ushort.h
          1 file(s) copied.
  Copying gsl header... gsl_sort_vector.h
          1 file(s) copied.
  Copying gsl header... gsl_sort_vector_char.h
          1 file(s) copied.
  Copying gsl header... gsl_sort_vector_double.h
          1 file(s) copied.
  Copying gsl header... gsl_sort_vector_float.h
          1 file(s) copied.
  Copying gsl header... gsl_sort_vector_int.h
          1 file(s) copied.
  Copying gsl header... gsl_sort_vector_long.h
          1 file(s) copied.
  Copying gsl header... gsl_sort_vector_long_double.h
          1 file(s) copied.
  Copying gsl header... gsl_sort_vector_short.h
          1 file(s) copied.
  Copying gsl header... gsl_sort_vector_uchar.h
          1 file(s) copied.
  Copying gsl header... gsl_sort_vector_uint.h
          1 file(s) copied.
  Copying gsl header... gsl_sort_vector_ulong.h
          1 file(s) copied.
  Copying gsl header... gsl_sort_vector_ushort.h
          1 file(s) copied.
  Copying gsl header... gsl_specfunc.h
          1 file(s) copied.
  Copying gsl header... gsl_spline.h
          1 file(s) copied.
  Copying gsl header... gsl_statistics.h
          1 file(s) copied.
  Copying gsl header... gsl_statistics_char.h
          1 file(s) copied.
  Copying gsl header... gsl_statistics_double.h
          1 file(s) copied.
  Copying gsl header... gsl_statistics_float.h
          1 file(s) copied.
  Copying gsl header... gsl_statistics_int.h
          1 file(s) copied.
  Copying gsl header... gsl_statistics_long.h
          1 file(s) copied.
  Copying gsl header... gsl_statistics_long_double.h
          1 file(s) copied.
  Copying gsl header... gsl_statistics_short.h
          1 file(s) copied.
  Copying gsl header... gsl_statistics_uchar.h
          1 file(s) copied.
  Copying gsl header... gsl_statistics_uint.h
          1 file(s) copied.
  Copying gsl header... gsl_statistics_ulong.h
          1 file(s) copied.
  Copying gsl header... gsl_statistics_ushort.h
          1 file(s) copied.
  Copying gsl header... gsl_sum.h
          1 file(s) copied.
  Copying gsl header... gsl_sys.h
          1 file(s) copied.
  Copying gsl header... gsl_test.h
          1 file(s) copied.
  Copying gsl header... gsl_types.h
          1 file(s) copied.
  Copying gsl header... gsl_vector.h
          1 file(s) copied.
  Copying gsl header... gsl_vector_char.h
          1 file(s) copied.
  Copying gsl header... gsl_vector_complex.h
          1 file(s) copied.
  Copying gsl header... gsl_vector_complex_double.h
          1 file(s) copied.
  Copying gsl header... gsl_vector_complex_float.h
          1 file(s) copied.
  Copying gsl header... gsl_vector_complex_long_double.h
          1 file(s) copied.
  Copying gsl header... gsl_vector_double.h
          1 file(s) copied.
  Copying gsl header... gsl_vector_float.h
          1 file(s) copied.
  Copying gsl header... gsl_vector_int.h
          1 file(s) copied.
  Copying gsl header... gsl_vector_long.h
          1 file(s) copied.
  Copying gsl header... gsl_vector_long_double.h
          1 file(s) copied.
  Copying gsl header... gsl_vector_short.h
          1 file(s) copied.
  Copying gsl header... gsl_vector_uchar.h
          1 file(s) copied.
  Copying gsl header... gsl_vector_uint.h
          1 file(s) copied.
  Copying gsl header... gsl_vector_ulong.h
          1 file(s) copied.
  Copying gsl header... gsl_vector_ushort.h
          1 file(s) copied.
  Copying gsl header... gsl_version.h
          1 file(s) copied.
  Copying gsl header... gsl_wavelet.h
          1 file(s) copied.
  Copying gsl header... gsl_wavelet2d.h
          1 file(s) copied.
